<?xml version="1.0" encoding="UTF-8"?>
<!-- Generated by org.testng.reporters.JUnitReportReporter -->
<testsuite hostname="LAPTOP-TJ6E03VU" failures="0" tests="11" name="com.mindtree.runner.TestRunner" time="177.801" errors="0" timestamp="2022-01-22T07:14:11 IST" skipped="0">
  <testcase classname="com.mindtree.runner.TestRunner" name="runScenario" time="7.815"/>
  <testcase classname="com.mindtree.runner.TestRunner" name="runScenario" time="17.244"/>
  <testcase classname="com.mindtree.runner.TestRunner" name="runScenario" time="23.176"/>
  <testcase classname="com.mindtree.runner.TestRunner" name="runScenario" time="7.538"/>
  <testcase classname="com.mindtree.runner.TestRunner" name="runScenario" time="22.309"/>
  <testcase classname="com.mindtree.runner.TestRunner" name="runScenario" time="31.261"/>
  <testcase classname="com.mindtree.runner.TestRunner" name="runScenario" time="5.642"/>
  <testcase classname="com.mindtree.runner.TestRunner" name="runScenario" time="24.432"/>
  <testcase classname="com.mindtree.runner.TestRunner" name="runScenario" time="22.804"/>
  <testcase classname="com.mindtree.runner.TestRunner" name="runScenario" time="6.367"/>
  <testcase classname="com.mindtree.runner.TestRunner" name="runScenario" time="9.213"/>
</testsuite> <!-- com.mindtree.runner.TestRunner -->
